<?xml version="1.0" encoding="UTF-8"?>
<!-- Generated by org.testng.reporters.JUnitReportReporter -->
<testsuite hostname="DESKTOP-RIB0J9I" failures="0" tests="1" name="TanmoyFramework.validateTitle" time="11.931" errors="0" timestamp="25 Jun 2021 19:15:53 GMT">
  <testcase classname="TanmoyFramework.validateTitle" name="basePageNavigation" time="11.931"/>
</testsuite> <!-- TanmoyFramework.validateTitle -->
