<?xml version="1.0" encoding="UTF-8"?>
<!-- Generated by org.testng.reporters.JUnitReportReporter -->
<testsuite hostname="DESKTOP-RIB0J9I" name="TanmoyFramework.validate" tests="2" failures="0" timestamp="27 Jun 2021 12:12:55 GMT" time="0.220" errors="0">
  <testcase name="basePageNavigation" time="0.172" classname="TanmoyFramework.validate"/>
  <testcase name="validateBannerTitle" time="0.048" classname="TanmoyFramework.validate"/>
</testsuite> <!-- TanmoyFramework.validate -->
