<?xml version="1.0" encoding="UTF-8"?>
<!-- Generated by org.testng.reporters.JUnitReportReporter -->
<testsuite hostname="DESKTOP-RIB0J9I" name="TanmoyFramework.HomePage" tests="2" failures="0" timestamp="27 Jun 2021 12:12:55 GMT" time="13.536" errors="0">
  <testcase name="basePageNavigation" time="11.040" classname="TanmoyFramework.HomePage"/>
  <testcase name="basePageNavigation" time="2.496" classname="TanmoyFramework.HomePage"/>
</testsuite> <!-- TanmoyFramework.HomePage -->
